<?xml version="1.0" encoding="UTF-8"?>
<!-- Generated by org.testng.reporters.JUnitXMLReporter -->
<testsuite hostname="DESKTOP-D6P93GQ" ignored="0" name="FirstClass" tests="1" failures="0" timestamp="2023-02-14T16:54:57 PST" time="3.171" errors="0">
  <testcase name="@BeforeTest beforeMethod" time="0.002" classname="com.training.tests.LoginTest">
    <failure type="java.lang.NullPointerException">
      <![CDATA[java.lang.NullPointerException
at java.util.Hashtable.get(Hashtable.java:364)
at java.util.Properties.getProperty(Properties.java:969)
at com.training.utilities.CommonUtilities.getproperty(CommonUtilities.java:18)
at com.training.tests.LoginTest.beforeMethod(LoginTest.java:30)
... Removed 24 stack frames]]>
    </failure>
  </testcase> <!-- @BeforeTest beforeMethod -->
  <testcase name="loginvalidusernameandPassword" time="0.0" classname="com.training.tests.LoginTest">
    <skipped/>
  </testcase> <!-- loginvalidusernameandPassword -->
</testsuite> <!-- FirstClass -->
