<?xml version="1.0" encoding="UTF-8"?>
<!-- Generated by org.testng.reporters.JUnitXMLReporter -->
<testsuite hostname="DESKTOP-D6P93GQ" ignored="4" name="Default test" tests="1" failures="0" timestamp="2023-02-20T22:47:57 PST" time="9.669" errors="0">
  <testcase name="Forgot_Password_4_B" time="6.383" classname="com.training.tests.LoginTest"/>
  <testcase name="LoginErrorMessage1" time="0.0" classname="com.training.tests.LoginTest">
    <ignored/>
  </testcase> <!-- LoginErrorMessage1 -->
  <testcase name="Check_RemeberMe_3" time="0.0" classname="com.training.tests.LoginTest">
    <ignored/>
  </testcase> <!-- Check_RemeberMe_3 -->
  <testcase name="LoginToSalesForce2" time="0.0" classname="com.training.tests.LoginTest">
    <ignored/>
  </testcase> <!-- LoginToSalesForce2 -->
  <testcase name="Forgot_Password_4_A" time="0.0" classname="com.training.tests.LoginTest">
    <ignored/>
  </testcase> <!-- Forgot_Password_4_A -->
</testsuite> <!-- Default test -->
