<?xml version="1.0" encoding="UTF-8"?>
<testng-results skipped="0" failed="0" ignored="4" total="5" passed="1">
  <reporter-output>
  </reporter-output>
  <suite name="Default suite" duration-ms="9669" started-at="2023-02-20T22:47:47 PST" finished-at="2023-02-20T22:47:56 PST">
    <groups>
    </groups>
    <test name="Default test" duration-ms="9669" started-at="2023-02-20T22:47:47 PST" finished-at="2023-02-20T22:47:56 PST">
      <class name="com.training.tests.LoginTest">
        <test-method status="PASS" signature="beforeMethod()[pri:0, instance:com.training.tests.LoginTest@27f723]" name="beforeMethod" is-config="true" duration-ms="2813" started-at="2023-02-20T22:47:47 PST" finished-at="2023-02-20T22:47:50 PST">
          <reporter-output>
          </reporter-output>
        </test-method> <!-- beforeMethod -->
        <test-method status="PASS" signature="Forgot_Password_4_B()[pri:0, instance:com.training.tests.LoginTest@27f723]" name="Forgot_Password_4_B" duration-ms="6383" started-at="2023-02-20T22:47:50 PST" description="Forgot Password- 4B" finished-at="2023-02-20T22:47:56 PST">
          <reporter-output>
          </reporter-output>
        </test-method> <!-- Forgot_Password_4_B -->
        <test-method status="PASS" signature="teardown()[pri:0, instance:com.training.tests.LoginTest@27f723]" name="teardown" is-config="true" duration-ms="420" started-at="2023-02-20T22:47:56 PST" finished-at="2023-02-20T22:47:56 PST">
          <reporter-output>
          </reporter-output>
        </test-method> <!-- teardown -->
      </class> <!-- com.training.tests.LoginTest -->
    </test> <!-- Default test -->
  </suite> <!-- Default suite -->
</testng-results>
